{"C:\\Users\\user\\Desktop\\CODE WITH MOSH\\Node\\node-app\\vidly\\app.js": {"path":"C:\\Users\\user\\Desktop\\CODE WITH MOSH\\Node\\node-app\\vidly\\app.js","statementMap":{"0":{"start":{"line":1,"column":16},"end":{"line":1,"column":34}},"1":{"start":{"line":2,"column":12},"end":{"line":2,"column":21}},"2":{"start":{"line":3,"column":16},"end":{"line":3,"column":34}},"3":{"start":{"line":6,"column":0},"end":{"line":6,"column":31}},"4":{"start":{"line":9,"column":0},"end":{"line":9,"column":30}},"5":{"start":{"line":12,"column":0},"end":{"line":12,"column":33}},"6":{"start":{"line":15,"column":0},"end":{"line":15,"column":26}},"7":{"start":{"line":18,"column":0},"end":{"line":18,"column":34}},"8":{"start":{"line":21,"column":0},"end":{"line":21,"column":30}},"9":{"start":{"line":23,"column":13},"end":{"line":23,"column":37}},"10":{"start":{"line":24,"column":15},"end":{"line":26,"column":1}},"11":{"start":{"line":25,"column":2},"end":{"line":25,"column":43}},"12":{"start":{"line":28,"column":0},"end":{"line":28,"column":24}}},"fnMap":{"0":{"name":"(anonymous_0)","decl":{"start":{"line":24,"column":32},"end":{"line":24,"column":33}},"loc":{"start":{"line":25,"column":2},"end":{"line":25,"column":43}},"line":25}},"branchMap":{"0":{"loc":{"start":{"line":23,"column":13},"end":{"line":23,"column":37}},"type":"binary-expr","locations":[{"start":{"line":23,"column":13},"end":{"line":23,"column":29}},{"start":{"line":23,"column":33},"end":{"line":23,"column":37}}],"line":23}},"s":{"0":2,"1":2,"2":2,"3":2,"4":2,"5":2,"6":2,"7":2,"8":2,"9":2,"10":2,"11":2,"12":2},"f":{"0":2},"b":{"0":[2,2]},"_coverageSchema":"1a1c01bbd47fc00a2c39e90264f33305004495a9","hash":"960e020d1ec2e9dd47c8d3febf5027bd8dfb2786"}
,"C:\\Users\\user\\Desktop\\CODE WITH MOSH\\Node\\node-app\\vidly\\middleware\\admin.js": {"path":"C:\\Users\\user\\Desktop\\CODE WITH MOSH\\Node\\node-app\\vidly\\middleware\\admin.js","statementMap":{"0":{"start":{"line":1,"column":0},"end":{"line":4,"column":2}},"1":{"start":{"line":2,"column":2},"end":{"line":2,"column":66}},"2":{"start":{"line":2,"column":25},"end":{"line":2,"column":66}},"3":{"start":{"line":3,"column":2},"end":{"line":3,"column":9}}},"fnMap":{"0":{"name":"(anonymous_0)","decl":{"start":{"line":1,"column":17},"end":{"line":1,"column":18}},"loc":{"start":{"line":1,"column":43},"end":{"line":4,"column":1}},"line":1}},"branchMap":{"0":{"loc":{"start":{"line":2,"column":2},"end":{"line":2,"column":66}},"type":"if","locations":[{"start":{"line":2,"column":2},"end":{"line":2,"column":66}},{"start":{},"end":{}}],"line":2}},"s":{"0":2,"1":0,"2":0,"3":0},"f":{"0":0},"b":{"0":[0,0]},"_coverageSchema":"1a1c01bbd47fc00a2c39e90264f33305004495a9","hash":"0a691f4b28f3b681d46c3ffd5f0e006bdae5a9b7"}
,"C:\\Users\\user\\Desktop\\CODE WITH MOSH\\Node\\node-app\\vidly\\middleware\\async.js": {"path":"C:\\Users\\user\\Desktop\\CODE WITH MOSH\\Node\\node-app\\vidly\\middleware\\async.js","statementMap":{"0":{"start":{"line":1,"column":0},"end":{"line":9,"column":2}},"1":{"start":{"line":2,"column":2},"end":{"line":8,"column":4}},"2":{"start":{"line":3,"column":4},"end":{"line":7,"column":5}},"3":{"start":{"line":4,"column":6},"end":{"line":4,"column":30}},"4":{"start":{"line":6,"column":6},"end":{"line":6,"column":16}}},"fnMap":{"0":{"name":"asyncMiddleware","decl":{"start":{"line":1,"column":26},"end":{"line":1,"column":41}},"loc":{"start":{"line":1,"column":51},"end":{"line":9,"column":1}},"line":1},"1":{"name":"(anonymous_1)","decl":{"start":{"line":2,"column":9},"end":{"line":2,"column":10}},"loc":{"start":{"line":2,"column":35},"end":{"line":8,"column":3}},"line":2}},"branchMap":{},"s":{"0":2,"1":2,"2":1,"3":1,"4":0},"f":{"0":2,"1":1},"b":{},"_coverageSchema":"1a1c01bbd47fc00a2c39e90264f33305004495a9","hash":"ce6df8407b1c1f8d7c778e98fc25027315e26614"}
,"C:\\Users\\user\\Desktop\\CODE WITH MOSH\\Node\\node-app\\vidly\\middleware\\auth.js": {"path":"C:\\Users\\user\\Desktop\\CODE WITH MOSH\\Node\\node-app\\vidly\\middleware\\auth.js","statementMap":{"0":{"start":{"line":1,"column":12},"end":{"line":1,"column":35}},"1":{"start":{"line":2,"column":15},"end":{"line":2,"column":32}},"2":{"start":{"line":4,"column":0},"end":{"line":15,"column":2}},"3":{"start":{"line":5,"column":16},"end":{"line":5,"column":42}},"4":{"start":{"line":6,"column":2},"end":{"line":6,"column":80}},"5":{"start":{"line":6,"column":14},"end":{"line":6,"column":80}},"6":{"start":{"line":8,"column":2},"end":{"line":14,"column":3}},"7":{"start":{"line":9,"column":20},"end":{"line":9,"column":66}},"8":{"start":{"line":10,"column":4},"end":{"line":10,"column":23}},"9":{"start":{"line":11,"column":4},"end":{"line":11,"column":11}},"10":{"start":{"line":13,"column":4},"end":{"line":13,"column":49}}},"fnMap":{"0":{"name":"(anonymous_0)","decl":{"start":{"line":4,"column":17},"end":{"line":4,"column":18}},"loc":{"start":{"line":4,"column":43},"end":{"line":15,"column":1}},"line":4}},"branchMap":{"0":{"loc":{"start":{"line":6,"column":2},"end":{"line":6,"column":80}},"type":"if","locations":[{"start":{"line":6,"column":2},"end":{"line":6,"column":80}},{"start":{},"end":{}}],"line":6}},"s":{"0":3,"1":3,"2":3,"3":15,"4":15,"5":3,"6":12,"7":12,"8":11,"9":11,"10":1},"f":{"0":15},"b":{"0":[3,12]},"_coverageSchema":"1a1c01bbd47fc00a2c39e90264f33305004495a9","hash":"dac2afbddf03cffd6429f13c90d1058b08b47a5b"}
,"C:\\Users\\user\\Desktop\\CODE WITH MOSH\\Node\\node-app\\vidly\\middleware\\error.js": {"path":"C:\\Users\\user\\Desktop\\CODE WITH MOSH\\Node\\node-app\\vidly\\middleware\\error.js","statementMap":{"0":{"start":{"line":1,"column":16},"end":{"line":1,"column":34}},"1":{"start":{"line":3,"column":0},"end":{"line":6,"column":2}},"2":{"start":{"line":4,"column":2},"end":{"line":4,"column":34}},"3":{"start":{"line":5,"column":2},"end":{"line":5,"column":47}}},"fnMap":{"0":{"name":"(anonymous_0)","decl":{"start":{"line":3,"column":17},"end":{"line":3,"column":18}},"loc":{"start":{"line":3,"column":48},"end":{"line":6,"column":1}},"line":3}},"branchMap":{},"s":{"0":2,"1":2,"2":0,"3":0},"f":{"0":0},"b":{},"_coverageSchema":"1a1c01bbd47fc00a2c39e90264f33305004495a9","hash":"732d4f897dfa08c1652b699f7bac1ffb0d1e0f86"}
,"C:\\Users\\user\\Desktop\\CODE WITH MOSH\\Node\\node-app\\vidly\\middleware\\validateObjectId.js": {"path":"C:\\Users\\user\\Desktop\\CODE WITH MOSH\\Node\\node-app\\vidly\\middleware\\validateObjectId.js","statementMap":{"0":{"start":{"line":1,"column":17},"end":{"line":1,"column":36}},"1":{"start":{"line":3,"column":0},"end":{"line":8,"column":2}},"2":{"start":{"line":4,"column":2},"end":{"line":5,"column":46}},"3":{"start":{"line":5,"column":4},"end":{"line":5,"column":46}},"4":{"start":{"line":7,"column":2},"end":{"line":7,"column":9}}},"fnMap":{"0":{"name":"(anonymous_0)","decl":{"start":{"line":3,"column":17},"end":{"line":3,"column":18}},"loc":{"start":{"line":3,"column":43},"end":{"line":8,"column":1}},"line":3}},"branchMap":{"0":{"loc":{"start":{"line":4,"column":2},"end":{"line":5,"column":46}},"type":"if","locations":[{"start":{"line":4,"column":2},"end":{"line":5,"column":46}},{"start":{},"end":{}}],"line":4}},"s":{"0":2,"1":2,"2":7,"3":2,"4":5},"f":{"0":7},"b":{"0":[2,5]},"_coverageSchema":"1a1c01bbd47fc00a2c39e90264f33305004495a9","hash":"ab88dcc9218b822df376cb69829e6eab982f7528"}
,"C:\\Users\\user\\Desktop\\CODE WITH MOSH\\Node\\node-app\\vidly\\models\\customers.js": {"path":"C:\\Users\\user\\Desktop\\CODE WITH MOSH\\Node\\node-app\\vidly\\models\\customers.js","statementMap":{"0":{"start":{"line":1,"column":12},"end":{"line":1,"column":26}},"1":{"start":{"line":2,"column":17},"end":{"line":2,"column":36}},"2":{"start":{"line":4,"column":23},"end":{"line":8,"column":2}},"3":{"start":{"line":10,"column":17},"end":{"line":10,"column":59}},"4":{"start":{"line":13,"column":17},"end":{"line":17,"column":3}},"5":{"start":{"line":19,"column":2},"end":{"line":19,"column":40}},"6":{"start":{"line":22,"column":0},"end":{"line":22,"column":28}},"7":{"start":{"line":23,"column":0},"end":{"line":23,"column":36}}},"fnMap":{"0":{"name":"validateCustomer","decl":{"start":{"line":12,"column":9},"end":{"line":12,"column":25}},"loc":{"start":{"line":12,"column":36},"end":{"line":20,"column":1}},"line":12}},"branchMap":{},"s":{"0":2,"1":2,"2":2,"3":2,"4":0,"5":0,"6":2,"7":2},"f":{"0":0},"b":{},"_coverageSchema":"1a1c01bbd47fc00a2c39e90264f33305004495a9","hash":"35ce49d326bb032b7c6a0b8a44b99b667c51b5cc"}
,"C:\\Users\\user\\Desktop\\CODE WITH MOSH\\Node\\node-app\\vidly\\models\\genres.js": {"path":"C:\\Users\\user\\Desktop\\CODE WITH MOSH\\Node\\node-app\\vidly\\models\\genres.js","statementMap":{"0":{"start":{"line":1,"column":12},"end":{"line":1,"column":26}},"1":{"start":{"line":2,"column":17},"end":{"line":2,"column":36}},"2":{"start":{"line":4,"column":20},"end":{"line":6,"column":2}},"3":{"start":{"line":8,"column":14},"end":{"line":8,"column":50}},"4":{"start":{"line":11,"column":17},"end":{"line":13,"column":3}},"5":{"start":{"line":15,"column":2},"end":{"line":15,"column":37}},"6":{"start":{"line":18,"column":0},"end":{"line":18,"column":22}},"7":{"start":{"line":19,"column":0},"end":{"line":19,"column":33}},"8":{"start":{"line":20,"column":0},"end":{"line":20,"column":34}}},"fnMap":{"0":{"name":"validateGenre","decl":{"start":{"line":10,"column":9},"end":{"line":10,"column":22}},"loc":{"start":{"line":10,"column":30},"end":{"line":16,"column":1}},"line":10}},"branchMap":{},"s":{"0":2,"1":2,"2":2,"3":2,"4":8,"5":8,"6":2,"7":2,"8":2},"f":{"0":8},"b":{},"_coverageSchema":"1a1c01bbd47fc00a2c39e90264f33305004495a9","hash":"1419de3e7c9756bc3115174775c92d185cd3442f"}
,"C:\\Users\\user\\Desktop\\CODE WITH MOSH\\Node\\node-app\\vidly\\models\\movies.js": {"path":"C:\\Users\\user\\Desktop\\CODE WITH MOSH\\Node\\node-app\\vidly\\models\\movies.js","statementMap":{"0":{"start":{"line":1,"column":17},"end":{"line":1,"column":36}},"1":{"start":{"line":2,"column":12},"end":{"line":2,"column":26}},"2":{"start":{"line":3,"column":24},"end":{"line":3,"column":43}},"3":{"start":{"line":5,"column":20},"end":{"line":10,"column":2}},"4":{"start":{"line":12,"column":14},"end":{"line":12,"column":50}},"5":{"start":{"line":15,"column":17},"end":{"line":20,"column":3}},"6":{"start":{"line":22,"column":2},"end":{"line":22,"column":37}},"7":{"start":{"line":25,"column":0},"end":{"line":25,"column":22}},"8":{"start":{"line":26,"column":0},"end":{"line":26,"column":34}}},"fnMap":{"0":{"name":"validateMovies","decl":{"start":{"line":14,"column":9},"end":{"line":14,"column":23}},"loc":{"start":{"line":14,"column":31},"end":{"line":23,"column":1}},"line":14}},"branchMap":{},"s":{"0":2,"1":2,"2":2,"3":2,"4":2,"5":0,"6":0,"7":2,"8":2},"f":{"0":0},"b":{},"_coverageSchema":"1a1c01bbd47fc00a2c39e90264f33305004495a9","hash":"e9890cfb5f5936a2e3fa89b159eaff3993a9ebe3"}
,"C:\\Users\\user\\Desktop\\CODE WITH MOSH\\Node\\node-app\\vidly\\models\\rentals.js": {"path":"C:\\Users\\user\\Desktop\\CODE WITH MOSH\\Node\\node-app\\vidly\\models\\rentals.js","statementMap":{"0":{"start":{"line":1,"column":17},"end":{"line":1,"column":36}},"1":{"start":{"line":2,"column":12},"end":{"line":2,"column":26}},"2":{"start":{"line":4,"column":20},"end":{"line":7,"column":2}},"3":{"start":{"line":9,"column":23},"end":{"line":13,"column":2}},"4":{"start":{"line":15,"column":21},"end":{"line":21,"column":2}},"5":{"start":{"line":23,"column":15},"end":{"line":23,"column":53}},"6":{"start":{"line":26,"column":17},"end":{"line":29,"column":3}},"7":{"start":{"line":31,"column":2},"end":{"line":31,"column":38}},"8":{"start":{"line":34,"column":0},"end":{"line":34,"column":24}},"9":{"start":{"line":35,"column":0},"end":{"line":35,"column":34}}},"fnMap":{"0":{"name":"validateRental","decl":{"start":{"line":25,"column":9},"end":{"line":25,"column":23}},"loc":{"start":{"line":25,"column":32},"end":{"line":32,"column":1}},"line":25}},"branchMap":{},"s":{"0":2,"1":2,"2":2,"3":2,"4":2,"5":2,"6":0,"7":0,"8":2,"9":2},"f":{"0":0},"b":{},"_coverageSchema":"1a1c01bbd47fc00a2c39e90264f33305004495a9","hash":"81be61d9812d6a330a4e91e0bff8b738daffc982"}
,"C:\\Users\\user\\Desktop\\CODE WITH MOSH\\Node\\node-app\\vidly\\models\\users.js": {"path":"C:\\Users\\user\\Desktop\\CODE WITH MOSH\\Node\\node-app\\vidly\\models\\users.js","statementMap":{"0":{"start":{"line":1,"column":17},"end":{"line":1,"column":36}},"1":{"start":{"line":2,"column":12},"end":{"line":2,"column":26}},"2":{"start":{"line":3,"column":12},"end":{"line":3,"column":35}},"3":{"start":{"line":4,"column":15},"end":{"line":4,"column":32}},"4":{"start":{"line":6,"column":19},"end":{"line":23,"column":2}},"5":{"start":{"line":26,"column":0},"end":{"line":31,"column":2}},"6":{"start":{"line":27,"column":2},"end":{"line":30,"column":4}},"7":{"start":{"line":33,"column":13},"end":{"line":33,"column":47}},"8":{"start":{"line":36,"column":17},"end":{"line":40,"column":3}},"9":{"start":{"line":42,"column":2},"end":{"line":42,"column":36}},"10":{"start":{"line":45,"column":0},"end":{"line":45,"column":20}},"11":{"start":{"line":46,"column":0},"end":{"line":46,"column":32}}},"fnMap":{"0":{"name":"(anonymous_0)","decl":{"start":{"line":26,"column":39},"end":{"line":26,"column":40}},"loc":{"start":{"line":26,"column":51},"end":{"line":31,"column":1}},"line":26},"1":{"name":"validateUser","decl":{"start":{"line":35,"column":9},"end":{"line":35,"column":21}},"loc":{"start":{"line":35,"column":28},"end":{"line":43,"column":1}},"line":35}},"branchMap":{},"s":{"0":4,"1":4,"2":4,"3":4,"4":4,"5":4,"6":16,"7":4,"8":0,"9":0,"10":4,"11":4},"f":{"0":16,"1":0},"b":{},"_coverageSchema":"1a1c01bbd47fc00a2c39e90264f33305004495a9","hash":"ff1c0a7d8bc6e806bd8acd124b3249e1003aaf53"}
,"C:\\Users\\user\\Desktop\\CODE WITH MOSH\\Node\\node-app\\vidly\\routes\\auth.js": {"path":"C:\\Users\\user\\Desktop\\CODE WITH MOSH\\Node\\node-app\\vidly\\routes\\auth.js","statementMap":{"0":{"start":{"line":1,"column":16},"end":{"line":1,"column":34}},"1":{"start":{"line":2,"column":15},"end":{"line":2,"column":31}},"2":{"start":{"line":3,"column":17},"end":{"line":3,"column":43}},"3":{"start":{"line":4,"column":10},"end":{"line":4,"column":27}},"4":{"start":{"line":5,"column":15},"end":{"line":5,"column":32}},"5":{"start":{"line":6,"column":12},"end":{"line":6,"column":26}},"6":{"start":{"line":7,"column":13},"end":{"line":7,"column":42}},"7":{"start":{"line":9,"column":0},"end":{"line":25,"column":3}},"8":{"start":{"line":10,"column":20},"end":{"line":10,"column":38}},"9":{"start":{"line":11,"column":2},"end":{"line":11,"column":67}},"10":{"start":{"line":11,"column":13},"end":{"line":11,"column":67}},"11":{"start":{"line":13,"column":13},"end":{"line":13,"column":58}},"12":{"start":{"line":14,"column":2},"end":{"line":14,"column":71}},"13":{"start":{"line":14,"column":13},"end":{"line":14,"column":71}},"14":{"start":{"line":16,"column":26},"end":{"line":19,"column":3}},"15":{"start":{"line":20,"column":2},"end":{"line":21,"column":62}},"16":{"start":{"line":21,"column":4},"end":{"line":21,"column":62}},"17":{"start":{"line":23,"column":16},"end":{"line":23,"column":40}},"18":{"start":{"line":24,"column":2},"end":{"line":24,"column":18}},"19":{"start":{"line":28,"column":17},"end":{"line":31,"column":3}},"20":{"start":{"line":33,"column":2},"end":{"line":33,"column":43}},"21":{"start":{"line":36,"column":0},"end":{"line":36,"column":24}}},"fnMap":{"0":{"name":"(anonymous_0)","decl":{"start":{"line":9,"column":17},"end":{"line":9,"column":18}},"loc":{"start":{"line":9,"column":37},"end":{"line":25,"column":1}},"line":9},"1":{"name":"validate","decl":{"start":{"line":27,"column":9},"end":{"line":27,"column":17}},"loc":{"start":{"line":27,"column":31},"end":{"line":34,"column":1}},"line":27}},"branchMap":{"0":{"loc":{"start":{"line":11,"column":2},"end":{"line":11,"column":67}},"type":"if","locations":[{"start":{"line":11,"column":2},"end":{"line":11,"column":67}},{"start":{},"end":{}}],"line":11},"1":{"loc":{"start":{"line":14,"column":2},"end":{"line":14,"column":71}},"type":"if","locations":[{"start":{"line":14,"column":2},"end":{"line":14,"column":71}},{"start":{},"end":{}}],"line":14},"2":{"loc":{"start":{"line":20,"column":2},"end":{"line":21,"column":62}},"type":"if","locations":[{"start":{"line":20,"column":2},"end":{"line":21,"column":62}},{"start":{},"end":{}}],"line":20}},"s":{"0":2,"1":2,"2":2,"3":2,"4":2,"5":2,"6":2,"7":2,"8":0,"9":0,"10":0,"11":0,"12":0,"13":0,"14":0,"15":0,"16":0,"17":0,"18":0,"19":0,"20":0,"21":2},"f":{"0":0,"1":0},"b":{"0":[0,0],"1":[0,0],"2":[0,0]},"_coverageSchema":"1a1c01bbd47fc00a2c39e90264f33305004495a9","hash":"fcddc0819c4b36fb1a67ad4ae2daf9b2a48af850"}
,"C:\\Users\\user\\Desktop\\CODE WITH MOSH\\Node\\node-app\\vidly\\routes\\customers.js": {"path":"C:\\Users\\user\\Desktop\\CODE WITH MOSH\\Node\\node-app\\vidly\\routes\\customers.js","statementMap":{"0":{"start":{"line":1,"column":31},"end":{"line":1,"column":61}},"1":{"start":{"line":2,"column":16},"end":{"line":2,"column":34}},"2":{"start":{"line":3,"column":13},"end":{"line":3,"column":42}},"3":{"start":{"line":6,"column":15},"end":{"line":6,"column":31}},"4":{"start":{"line":8,"column":0},"end":{"line":11,"column":3}},"5":{"start":{"line":9,"column":20},"end":{"line":9,"column":41}},"6":{"start":{"line":10,"column":2},"end":{"line":10,"column":22}},"7":{"start":{"line":13,"column":0},"end":{"line":18,"column":3}},"8":{"start":{"line":14,"column":19},"end":{"line":14,"column":57}},"9":{"start":{"line":16,"column":2},"end":{"line":16,"column":67}},"10":{"start":{"line":16,"column":17},"end":{"line":16,"column":67}},"11":{"start":{"line":17,"column":2},"end":{"line":17,"column":21}},"12":{"start":{"line":20,"column":0},"end":{"line":30,"column":3}},"13":{"start":{"line":21,"column":20},"end":{"line":21,"column":38}},"14":{"start":{"line":22,"column":2},"end":{"line":22,"column":67}},"15":{"start":{"line":22,"column":13},"end":{"line":22,"column":67}},"16":{"start":{"line":24,"column":19},"end":{"line":28,"column":4}},"17":{"start":{"line":29,"column":2},"end":{"line":29,"column":34}},"18":{"start":{"line":32,"column":0},"end":{"line":44,"column":3}},"19":{"start":{"line":33,"column":20},"end":{"line":33,"column":38}},"20":{"start":{"line":34,"column":2},"end":{"line":34,"column":67}},"21":{"start":{"line":34,"column":13},"end":{"line":34,"column":67}},"22":{"start":{"line":36,"column":19},"end":{"line":40,"column":3}},"23":{"start":{"line":42,"column":2},"end":{"line":42,"column":67}},"24":{"start":{"line":42,"column":17},"end":{"line":42,"column":67}},"25":{"start":{"line":43,"column":2},"end":{"line":43,"column":21}},"26":{"start":{"line":46,"column":0},"end":{"line":50,"column":3}},"27":{"start":{"line":47,"column":19},"end":{"line":47,"column":66}},"28":{"start":{"line":48,"column":2},"end":{"line":48,"column":67}},"29":{"start":{"line":48,"column":17},"end":{"line":48,"column":67}},"30":{"start":{"line":49,"column":2},"end":{"line":49,"column":21}},"31":{"start":{"line":52,"column":0},"end":{"line":52,"column":24}}},"fnMap":{"0":{"name":"(anonymous_0)","decl":{"start":{"line":8,"column":16},"end":{"line":8,"column":17}},"loc":{"start":{"line":8,"column":36},"end":{"line":11,"column":1}},"line":8},"1":{"name":"(anonymous_1)","decl":{"start":{"line":13,"column":19},"end":{"line":13,"column":20}},"loc":{"start":{"line":13,"column":39},"end":{"line":18,"column":1}},"line":13},"2":{"name":"(anonymous_2)","decl":{"start":{"line":20,"column":23},"end":{"line":20,"column":24}},"loc":{"start":{"line":20,"column":43},"end":{"line":30,"column":1}},"line":20},"3":{"name":"(anonymous_3)","decl":{"start":{"line":32,"column":25},"end":{"line":32,"column":26}},"loc":{"start":{"line":32,"column":45},"end":{"line":44,"column":1}},"line":32},"4":{"name":"(anonymous_4)","decl":{"start":{"line":46,"column":28},"end":{"line":46,"column":29}},"loc":{"start":{"line":46,"column":48},"end":{"line":50,"column":1}},"line":46}},"branchMap":{"0":{"loc":{"start":{"line":16,"column":2},"end":{"line":16,"column":67}},"type":"if","locations":[{"start":{"line":16,"column":2},"end":{"line":16,"column":67}},{"start":{},"end":{}}],"line":16},"1":{"loc":{"start":{"line":22,"column":2},"end":{"line":22,"column":67}},"type":"if","locations":[{"start":{"line":22,"column":2},"end":{"line":22,"column":67}},{"start":{},"end":{}}],"line":22},"2":{"loc":{"start":{"line":34,"column":2},"end":{"line":34,"column":67}},"type":"if","locations":[{"start":{"line":34,"column":2},"end":{"line":34,"column":67}},{"start":{},"end":{}}],"line":34},"3":{"loc":{"start":{"line":42,"column":2},"end":{"line":42,"column":67}},"type":"if","locations":[{"start":{"line":42,"column":2},"end":{"line":42,"column":67}},{"start":{},"end":{}}],"line":42},"4":{"loc":{"start":{"line":48,"column":2},"end":{"line":48,"column":67}},"type":"if","locations":[{"start":{"line":48,"column":2},"end":{"line":48,"column":67}},{"start":{},"end":{}}],"line":48}},"s":{"0":2,"1":2,"2":2,"3":2,"4":2,"5":0,"6":0,"7":2,"8":0,"9":0,"10":0,"11":0,"12":2,"13":0,"14":0,"15":0,"16":0,"17":0,"18":2,"19":0,"20":0,"21":0,"22":0,"23":0,"24":0,"25":0,"26":2,"27":0,"28":0,"29":0,"30":0,"31":2},"f":{"0":0,"1":0,"2":0,"3":0,"4":0},"b":{"0":[0,0],"1":[0,0],"2":[0,0],"3":[0,0],"4":[0,0]},"_coverageSchema":"1a1c01bbd47fc00a2c39e90264f33305004495a9","hash":"d1f86afcac09b25197223a070f990e8122a6b6d5"}
,"C:\\Users\\user\\Desktop\\CODE WITH MOSH\\Node\\node-app\\vidly\\routes\\genres.js": {"path":"C:\\Users\\user\\Desktop\\CODE WITH MOSH\\Node\\node-app\\vidly\\routes\\genres.js","statementMap":{"0":{"start":{"line":1,"column":28},"end":{"line":1,"column":55}},"1":{"start":{"line":2,"column":16},"end":{"line":2,"column":34}},"2":{"start":{"line":3,"column":15},"end":{"line":3,"column":31}},"3":{"start":{"line":4,"column":13},"end":{"line":4,"column":42}},"4":{"start":{"line":5,"column":14},"end":{"line":5,"column":44}},"5":{"start":{"line":6,"column":24},"end":{"line":6,"column":54}},"6":{"start":{"line":7,"column":25},"end":{"line":7,"column":66}},"7":{"start":{"line":9,"column":0},"end":{"line":16,"column":2}},"8":{"start":{"line":13,"column":19},"end":{"line":13,"column":37}},"9":{"start":{"line":14,"column":4},"end":{"line":14,"column":21}},"10":{"start":{"line":18,"column":0},"end":{"line":23,"column":3}},"11":{"start":{"line":19,"column":16},"end":{"line":19,"column":51}},"12":{"start":{"line":20,"column":2},"end":{"line":20,"column":61}},"13":{"start":{"line":20,"column":14},"end":{"line":20,"column":61}},"14":{"start":{"line":22,"column":2},"end":{"line":22,"column":18}},"15":{"start":{"line":25,"column":0},"end":{"line":31,"column":3}},"16":{"start":{"line":26,"column":20},"end":{"line":26,"column":38}},"17":{"start":{"line":27,"column":2},"end":{"line":27,"column":67}},"18":{"start":{"line":27,"column":13},"end":{"line":27,"column":67}},"19":{"start":{"line":29,"column":16},"end":{"line":29,"column":50}},"20":{"start":{"line":30,"column":2},"end":{"line":30,"column":31}},"21":{"start":{"line":34,"column":0},"end":{"line":43,"column":3}},"22":{"start":{"line":35,"column":16},"end":{"line":35,"column":51}},"23":{"start":{"line":36,"column":2},"end":{"line":36,"column":61}},"24":{"start":{"line":36,"column":14},"end":{"line":36,"column":61}},"25":{"start":{"line":38,"column":20},"end":{"line":38,"column":38}},"26":{"start":{"line":39,"column":2},"end":{"line":39,"column":67}},"27":{"start":{"line":39,"column":13},"end":{"line":39,"column":67}},"28":{"start":{"line":41,"column":2},"end":{"line":41,"column":29}},"29":{"start":{"line":42,"column":2},"end":{"line":42,"column":31}},"30":{"start":{"line":46,"column":0},"end":{"line":51,"column":3}},"31":{"start":{"line":47,"column":16},"end":{"line":47,"column":51}},"32":{"start":{"line":48,"column":2},"end":{"line":48,"column":61}},"33":{"start":{"line":48,"column":14},"end":{"line":48,"column":61}},"34":{"start":{"line":50,"column":2},"end":{"line":50,"column":41}},"35":{"start":{"line":53,"column":0},"end":{"line":53,"column":24}}},"fnMap":{"0":{"name":"(anonymous_0)","decl":{"start":{"line":11,"column":18},"end":{"line":11,"column":19}},"loc":{"start":{"line":11,"column":38},"end":{"line":15,"column":3}},"line":11},"1":{"name":"(anonymous_1)","decl":{"start":{"line":18,"column":37},"end":{"line":18,"column":38}},"loc":{"start":{"line":18,"column":57},"end":{"line":23,"column":1}},"line":18},"2":{"name":"(anonymous_2)","decl":{"start":{"line":25,"column":23},"end":{"line":25,"column":24}},"loc":{"start":{"line":25,"column":43},"end":{"line":31,"column":1}},"line":25},"3":{"name":"(anonymous_3)","decl":{"start":{"line":34,"column":45},"end":{"line":34,"column":46}},"loc":{"start":{"line":34,"column":65},"end":{"line":43,"column":1}},"line":34},"4":{"name":"(anonymous_4)","decl":{"start":{"line":46,"column":37},"end":{"line":46,"column":38}},"loc":{"start":{"line":46,"column":57},"end":{"line":51,"column":1}},"line":46}},"branchMap":{"0":{"loc":{"start":{"line":20,"column":2},"end":{"line":20,"column":61}},"type":"if","locations":[{"start":{"line":20,"column":2},"end":{"line":20,"column":61}},{"start":{},"end":{}}],"line":20},"1":{"loc":{"start":{"line":27,"column":2},"end":{"line":27,"column":67}},"type":"if","locations":[{"start":{"line":27,"column":2},"end":{"line":27,"column":67}},{"start":{},"end":{}}],"line":27},"2":{"loc":{"start":{"line":36,"column":2},"end":{"line":36,"column":61}},"type":"if","locations":[{"start":{"line":36,"column":2},"end":{"line":36,"column":61}},{"start":{},"end":{}}],"line":36},"3":{"loc":{"start":{"line":39,"column":2},"end":{"line":39,"column":67}},"type":"if","locations":[{"start":{"line":39,"column":2},"end":{"line":39,"column":67}},{"start":{},"end":{}}],"line":39},"4":{"loc":{"start":{"line":48,"column":2},"end":{"line":48,"column":61}},"type":"if","locations":[{"start":{"line":48,"column":2},"end":{"line":48,"column":61}},{"start":{},"end":{}}],"line":48}},"s":{"0":2,"1":2,"2":2,"3":2,"4":2,"5":2,"6":2,"7":2,"8":1,"9":1,"10":2,"11":1,"12":1,"13":0,"14":1,"15":2,"16":5,"17":5,"18":2,"19":3,"20":3,"21":2,"22":4,"23":4,"24":1,"25":3,"26":3,"27":2,"28":1,"29":1,"30":2,"31":0,"32":0,"33":0,"34":0,"35":2},"f":{"0":1,"1":1,"2":5,"3":4,"4":0},"b":{"0":[0,1],"1":[2,3],"2":[1,3],"3":[2,1],"4":[0,0]},"_coverageSchema":"1a1c01bbd47fc00a2c39e90264f33305004495a9","hash":"e50abf84cd940b49f73967f4efeca1a5e236b38c"}
,"C:\\Users\\user\\Desktop\\CODE WITH MOSH\\Node\\node-app\\vidly\\routes\\home.js": {"path":"C:\\Users\\user\\Desktop\\CODE WITH MOSH\\Node\\node-app\\vidly\\routes\\home.js","statementMap":{"0":{"start":{"line":1,"column":16},"end":{"line":1,"column":34}},"1":{"start":{"line":2,"column":15},"end":{"line":2,"column":31}},"2":{"start":{"line":4,"column":0},"end":{"line":6,"column":3}},"3":{"start":{"line":5,"column":2},"end":{"line":5,"column":73}},"4":{"start":{"line":8,"column":0},"end":{"line":8,"column":24}}},"fnMap":{"0":{"name":"(anonymous_0)","decl":{"start":{"line":4,"column":15},"end":{"line":4,"column":16}},"loc":{"start":{"line":4,"column":29},"end":{"line":6,"column":1}},"line":4}},"branchMap":{},"s":{"0":2,"1":2,"2":2,"3":0,"4":2},"f":{"0":0},"b":{},"_coverageSchema":"1a1c01bbd47fc00a2c39e90264f33305004495a9","hash":"6eca36981c3c689fcbcda63f9163608b11f2be5a"}
,"C:\\Users\\user\\Desktop\\CODE WITH MOSH\\Node\\node-app\\vidly\\routes\\movies.js": {"path":"C:\\Users\\user\\Desktop\\CODE WITH MOSH\\Node\\node-app\\vidly\\routes\\movies.js","statementMap":{"0":{"start":{"line":1,"column":16},"end":{"line":1,"column":34}},"1":{"start":{"line":2,"column":15},"end":{"line":2,"column":31}},"2":{"start":{"line":3,"column":28},"end":{"line":3,"column":55}},"3":{"start":{"line":4,"column":18},"end":{"line":4,"column":45}},"4":{"start":{"line":5,"column":13},"end":{"line":5,"column":42}},"5":{"start":{"line":7,"column":0},"end":{"line":10,"column":3}},"6":{"start":{"line":8,"column":17},"end":{"line":8,"column":35}},"7":{"start":{"line":9,"column":2},"end":{"line":9,"column":19}},"8":{"start":{"line":12,"column":0},"end":{"line":16,"column":3}},"9":{"start":{"line":13,"column":16},"end":{"line":13,"column":51}},"10":{"start":{"line":14,"column":2},"end":{"line":14,"column":61}},"11":{"start":{"line":14,"column":14},"end":{"line":14,"column":61}},"12":{"start":{"line":15,"column":2},"end":{"line":15,"column":18}},"13":{"start":{"line":18,"column":0},"end":{"line":31,"column":3}},"14":{"start":{"line":19,"column":20},"end":{"line":19,"column":38}},"15":{"start":{"line":20,"column":2},"end":{"line":20,"column":67}},"16":{"start":{"line":20,"column":13},"end":{"line":20,"column":67}},"17":{"start":{"line":22,"column":16},"end":{"line":22,"column":54}},"18":{"start":{"line":23,"column":2},"end":{"line":23,"column":61}},"19":{"start":{"line":23,"column":14},"end":{"line":23,"column":61}},"20":{"start":{"line":25,"column":16},"end":{"line":28,"column":4}},"21":{"start":{"line":30,"column":2},"end":{"line":30,"column":31}},"22":{"start":{"line":33,"column":0},"end":{"line":46,"column":3}},"23":{"start":{"line":34,"column":20},"end":{"line":34,"column":38}},"24":{"start":{"line":35,"column":2},"end":{"line":35,"column":67}},"25":{"start":{"line":35,"column":13},"end":{"line":35,"column":67}},"26":{"start":{"line":37,"column":16},"end":{"line":37,"column":51}},"27":{"start":{"line":38,"column":2},"end":{"line":38,"column":61}},"28":{"start":{"line":38,"column":14},"end":{"line":38,"column":61}},"29":{"start":{"line":40,"column":2},"end":{"line":40,"column":31}},"30":{"start":{"line":41,"column":2},"end":{"line":41,"column":35}},"31":{"start":{"line":42,"column":2},"end":{"line":42,"column":47}},"32":{"start":{"line":43,"column":2},"end":{"line":43,"column":51}},"33":{"start":{"line":45,"column":2},"end":{"line":45,"column":31}},"34":{"start":{"line":48,"column":0},"end":{"line":53,"column":3}},"35":{"start":{"line":49,"column":16},"end":{"line":49,"column":51}},"36":{"start":{"line":50,"column":2},"end":{"line":50,"column":61}},"37":{"start":{"line":50,"column":14},"end":{"line":50,"column":61}},"38":{"start":{"line":52,"column":2},"end":{"line":52,"column":41}},"39":{"start":{"line":55,"column":0},"end":{"line":55,"column":24}}},"fnMap":{"0":{"name":"(anonymous_0)","decl":{"start":{"line":7,"column":16},"end":{"line":7,"column":17}},"loc":{"start":{"line":7,"column":36},"end":{"line":10,"column":1}},"line":7},"1":{"name":"(anonymous_1)","decl":{"start":{"line":12,"column":19},"end":{"line":12,"column":20}},"loc":{"start":{"line":12,"column":39},"end":{"line":16,"column":1}},"line":12},"2":{"name":"(anonymous_2)","decl":{"start":{"line":18,"column":23},"end":{"line":18,"column":24}},"loc":{"start":{"line":18,"column":43},"end":{"line":31,"column":1}},"line":18},"3":{"name":"(anonymous_3)","decl":{"start":{"line":33,"column":25},"end":{"line":33,"column":26}},"loc":{"start":{"line":33,"column":45},"end":{"line":46,"column":1}},"line":33},"4":{"name":"(anonymous_4)","decl":{"start":{"line":48,"column":28},"end":{"line":48,"column":29}},"loc":{"start":{"line":48,"column":48},"end":{"line":53,"column":1}},"line":48}},"branchMap":{"0":{"loc":{"start":{"line":14,"column":2},"end":{"line":14,"column":61}},"type":"if","locations":[{"start":{"line":14,"column":2},"end":{"line":14,"column":61}},{"start":{},"end":{}}],"line":14},"1":{"loc":{"start":{"line":20,"column":2},"end":{"line":20,"column":67}},"type":"if","locations":[{"start":{"line":20,"column":2},"end":{"line":20,"column":67}},{"start":{},"end":{}}],"line":20},"2":{"loc":{"start":{"line":23,"column":2},"end":{"line":23,"column":61}},"type":"if","locations":[{"start":{"line":23,"column":2},"end":{"line":23,"column":61}},{"start":{},"end":{}}],"line":23},"3":{"loc":{"start":{"line":35,"column":2},"end":{"line":35,"column":67}},"type":"if","locations":[{"start":{"line":35,"column":2},"end":{"line":35,"column":67}},{"start":{},"end":{}}],"line":35},"4":{"loc":{"start":{"line":38,"column":2},"end":{"line":38,"column":61}},"type":"if","locations":[{"start":{"line":38,"column":2},"end":{"line":38,"column":61}},{"start":{},"end":{}}],"line":38},"5":{"loc":{"start":{"line":50,"column":2},"end":{"line":50,"column":61}},"type":"if","locations":[{"start":{"line":50,"column":2},"end":{"line":50,"column":61}},{"start":{},"end":{}}],"line":50}},"s":{"0":2,"1":2,"2":2,"3":2,"4":2,"5":2,"6":0,"7":0,"8":2,"9":0,"10":0,"11":0,"12":0,"13":2,"14":0,"15":0,"16":0,"17":0,"18":0,"19":0,"20":0,"21":0,"22":2,"23":0,"24":0,"25":0,"26":0,"27":0,"28":0,"29":0,"30":0,"31":0,"32":0,"33":0,"34":2,"35":0,"36":0,"37":0,"38":0,"39":2},"f":{"0":0,"1":0,"2":0,"3":0,"4":0},"b":{"0":[0,0],"1":[0,0],"2":[0,0],"3":[0,0],"4":[0,0],"5":[0,0]},"_coverageSchema":"1a1c01bbd47fc00a2c39e90264f33305004495a9","hash":"4a790c2f3f11bec0de51e7b74316fecedb56bfe1"}
,"C:\\Users\\user\\Desktop\\CODE WITH MOSH\\Node\\node-app\\vidly\\routes\\rentals.js": {"path":"C:\\Users\\user\\Desktop\\CODE WITH MOSH\\Node\\node-app\\vidly\\routes\\rentals.js","statementMap":{"0":{"start":{"line":1,"column":16},"end":{"line":1,"column":34}},"1":{"start":{"line":2,"column":15},"end":{"line":2,"column":31}},"2":{"start":{"line":3,"column":17},"end":{"line":3,"column":36}},"3":{"start":{"line":4,"column":13},"end":{"line":4,"column":28}},"4":{"start":{"line":5,"column":29},"end":{"line":5,"column":57}},"5":{"start":{"line":6,"column":21},"end":{"line":6,"column":51}},"6":{"start":{"line":7,"column":18},"end":{"line":7,"column":45}},"7":{"start":{"line":8,"column":13},"end":{"line":8,"column":42}},"8":{"start":{"line":10,"column":0},"end":{"line":10,"column":20}},"9":{"start":{"line":12,"column":0},"end":{"line":15,"column":3}},"10":{"start":{"line":13,"column":18},"end":{"line":13,"column":37}},"11":{"start":{"line":14,"column":2},"end":{"line":14,"column":20}},"12":{"start":{"line":17,"column":0},"end":{"line":22,"column":3}},"13":{"start":{"line":18,"column":17},"end":{"line":18,"column":53}},"14":{"start":{"line":19,"column":2},"end":{"line":19,"column":63}},"15":{"start":{"line":19,"column":15},"end":{"line":19,"column":63}},"16":{"start":{"line":21,"column":2},"end":{"line":21,"column":19}},"17":{"start":{"line":24,"column":0},"end":{"line":61,"column":3}},"18":{"start":{"line":25,"column":20},"end":{"line":25,"column":38}},"19":{"start":{"line":26,"column":2},"end":{"line":26,"column":67}},"20":{"start":{"line":26,"column":13},"end":{"line":26,"column":67}},"21":{"start":{"line":28,"column":16},"end":{"line":28,"column":54}},"22":{"start":{"line":29,"column":2},"end":{"line":29,"column":61}},"23":{"start":{"line":29,"column":14},"end":{"line":29,"column":61}},"24":{"start":{"line":31,"column":2},"end":{"line":32,"column":55}},"25":{"start":{"line":32,"column":4},"end":{"line":32,"column":55}},"26":{"start":{"line":34,"column":19},"end":{"line":34,"column":63}},"27":{"start":{"line":35,"column":2},"end":{"line":35,"column":67}},"28":{"start":{"line":35,"column":17},"end":{"line":35,"column":67}},"29":{"start":{"line":37,"column":17},"end":{"line":49,"column":4}},"30":{"start":{"line":51,"column":2},"end":{"line":60,"column":3}},"31":{"start":{"line":52,"column":4},"end":{"line":55,"column":13}},"32":{"start":{"line":57,"column":4},"end":{"line":57,"column":21}},"33":{"start":{"line":59,"column":4},"end":{"line":59,"column":20}},"34":{"start":{"line":63,"column":0},"end":{"line":80,"column":3}},"35":{"start":{"line":64,"column":20},"end":{"line":64,"column":38}},"36":{"start":{"line":65,"column":2},"end":{"line":65,"column":67}},"37":{"start":{"line":65,"column":13},"end":{"line":65,"column":67}},"38":{"start":{"line":67,"column":17},"end":{"line":67,"column":53}},"39":{"start":{"line":68,"column":2},"end":{"line":68,"column":63}},"40":{"start":{"line":68,"column":15},"end":{"line":68,"column":63}},"41":{"start":{"line":70,"column":16},"end":{"line":70,"column":54}},"42":{"start":{"line":71,"column":2},"end":{"line":71,"column":61}},"43":{"start":{"line":71,"column":14},"end":{"line":71,"column":61}},"44":{"start":{"line":73,"column":19},"end":{"line":73,"column":63}},"45":{"start":{"line":74,"column":2},"end":{"line":74,"column":67}},"46":{"start":{"line":74,"column":17},"end":{"line":74,"column":67}},"47":{"start":{"line":76,"column":2},"end":{"line":76,"column":23}},"48":{"start":{"line":77,"column":2},"end":{"line":77,"column":29}},"49":{"start":{"line":79,"column":2},"end":{"line":79,"column":32}},"50":{"start":{"line":82,"column":0},"end":{"line":87,"column":3}},"51":{"start":{"line":83,"column":17},"end":{"line":83,"column":53}},"52":{"start":{"line":84,"column":2},"end":{"line":84,"column":63}},"53":{"start":{"line":84,"column":15},"end":{"line":84,"column":63}},"54":{"start":{"line":86,"column":2},"end":{"line":86,"column":43}},"55":{"start":{"line":89,"column":0},"end":{"line":89,"column":24}}},"fnMap":{"0":{"name":"(anonymous_0)","decl":{"start":{"line":12,"column":16},"end":{"line":12,"column":17}},"loc":{"start":{"line":12,"column":36},"end":{"line":15,"column":1}},"line":12},"1":{"name":"(anonymous_1)","decl":{"start":{"line":17,"column":19},"end":{"line":17,"column":20}},"loc":{"start":{"line":17,"column":39},"end":{"line":22,"column":1}},"line":17},"2":{"name":"(anonymous_2)","decl":{"start":{"line":24,"column":23},"end":{"line":24,"column":24}},"loc":{"start":{"line":24,"column":43},"end":{"line":61,"column":1}},"line":24},"3":{"name":"(anonymous_3)","decl":{"start":{"line":63,"column":25},"end":{"line":63,"column":26}},"loc":{"start":{"line":63,"column":45},"end":{"line":80,"column":1}},"line":63},"4":{"name":"(anonymous_4)","decl":{"start":{"line":82,"column":28},"end":{"line":82,"column":29}},"loc":{"start":{"line":82,"column":48},"end":{"line":87,"column":1}},"line":82}},"branchMap":{"0":{"loc":{"start":{"line":19,"column":2},"end":{"line":19,"column":63}},"type":"if","locations":[{"start":{"line":19,"column":2},"end":{"line":19,"column":63}},{"start":{},"end":{}}],"line":19},"1":{"loc":{"start":{"line":26,"column":2},"end":{"line":26,"column":67}},"type":"if","locations":[{"start":{"line":26,"column":2},"end":{"line":26,"column":67}},{"start":{},"end":{}}],"line":26},"2":{"loc":{"start":{"line":29,"column":2},"end":{"line":29,"column":61}},"type":"if","locations":[{"start":{"line":29,"column":2},"end":{"line":29,"column":61}},{"start":{},"end":{}}],"line":29},"3":{"loc":{"start":{"line":31,"column":2},"end":{"line":32,"column":55}},"type":"if","locations":[{"start":{"line":31,"column":2},"end":{"line":32,"column":55}},{"start":{},"end":{}}],"line":31},"4":{"loc":{"start":{"line":35,"column":2},"end":{"line":35,"column":67}},"type":"if","locations":[{"start":{"line":35,"column":2},"end":{"line":35,"column":67}},{"start":{},"end":{}}],"line":35},"5":{"loc":{"start":{"line":65,"column":2},"end":{"line":65,"column":67}},"type":"if","locations":[{"start":{"line":65,"column":2},"end":{"line":65,"column":67}},{"start":{},"end":{}}],"line":65},"6":{"loc":{"start":{"line":68,"column":2},"end":{"line":68,"column":63}},"type":"if","locations":[{"start":{"line":68,"column":2},"end":{"line":68,"column":63}},{"start":{},"end":{}}],"line":68},"7":{"loc":{"start":{"line":71,"column":2},"end":{"line":71,"column":61}},"type":"if","locations":[{"start":{"line":71,"column":2},"end":{"line":71,"column":61}},{"start":{},"end":{}}],"line":71},"8":{"loc":{"start":{"line":74,"column":2},"end":{"line":74,"column":67}},"type":"if","locations":[{"start":{"line":74,"column":2},"end":{"line":74,"column":67}},{"start":{},"end":{}}],"line":74},"9":{"loc":{"start":{"line":84,"column":2},"end":{"line":84,"column":63}},"type":"if","locations":[{"start":{"line":84,"column":2},"end":{"line":84,"column":63}},{"start":{},"end":{}}],"line":84}},"s":{"0":2,"1":2,"2":2,"3":2,"4":2,"5":2,"6":2,"7":2,"8":2,"9":2,"10":0,"11":0,"12":2,"13":0,"14":0,"15":0,"16":0,"17":2,"18":0,"19":0,"20":0,"21":0,"22":0,"23":0,"24":0,"25":0,"26":0,"27":0,"28":0,"29":0,"30":0,"31":0,"32":0,"33":0,"34":2,"35":0,"36":0,"37":0,"38":0,"39":0,"40":0,"41":0,"42":0,"43":0,"44":0,"45":0,"46":0,"47":0,"48":0,"49":0,"50":2,"51":0,"52":0,"53":0,"54":0,"55":2},"f":{"0":0,"1":0,"2":0,"3":0,"4":0},"b":{"0":[0,0],"1":[0,0],"2":[0,0],"3":[0,0],"4":[0,0],"5":[0,0],"6":[0,0],"7":[0,0],"8":[0,0],"9":[0,0]},"_coverageSchema":"1a1c01bbd47fc00a2c39e90264f33305004495a9","hash":"ad2a8ee5796b39547711524c3fd8a4e4f9e3747d"}
,"C:\\Users\\user\\Desktop\\CODE WITH MOSH\\Node\\node-app\\vidly\\routes\\users.js": {"path":"C:\\Users\\user\\Desktop\\CODE WITH MOSH\\Node\\node-app\\vidly\\routes\\users.js","statementMap":{"0":{"start":{"line":1,"column":16},"end":{"line":1,"column":34}},"1":{"start":{"line":2,"column":15},"end":{"line":2,"column":31}},"2":{"start":{"line":3,"column":27},"end":{"line":3,"column":53}},"3":{"start":{"line":4,"column":10},"end":{"line":4,"column":27}},"4":{"start":{"line":5,"column":15},"end":{"line":5,"column":32}},"5":{"start":{"line":6,"column":13},"end":{"line":6,"column":42}},"6":{"start":{"line":8,"column":0},"end":{"line":24,"column":3}},"7":{"start":{"line":9,"column":20},"end":{"line":9,"column":38}},"8":{"start":{"line":10,"column":2},"end":{"line":10,"column":67}},"9":{"start":{"line":10,"column":13},"end":{"line":10,"column":67}},"10":{"start":{"line":12,"column":13},"end":{"line":12,"column":58}},"11":{"start":{"line":13,"column":2},"end":{"line":13,"column":64}},"12":{"start":{"line":13,"column":12},"end":{"line":13,"column":64}},"13":{"start":{"line":15,"column":2},"end":{"line":15,"column":67}},"14":{"start":{"line":16,"column":15},"end":{"line":16,"column":39}},"15":{"start":{"line":17,"column":2},"end":{"line":17,"column":57}},"16":{"start":{"line":18,"column":2},"end":{"line":18,"column":20}},"17":{"start":{"line":20,"column":16},"end":{"line":20,"column":40}},"18":{"start":{"line":21,"column":2},"end":{"line":23,"column":50}},"19":{"start":{"line":26,"column":0},"end":{"line":30,"column":3}},"20":{"start":{"line":27,"column":15},"end":{"line":27,"column":68}},"21":{"start":{"line":28,"column":2},"end":{"line":28,"column":59}},"22":{"start":{"line":28,"column":13},"end":{"line":28,"column":59}},"23":{"start":{"line":29,"column":2},"end":{"line":29,"column":17}},"24":{"start":{"line":32,"column":0},"end":{"line":32,"column":24}}},"fnMap":{"0":{"name":"(anonymous_0)","decl":{"start":{"line":8,"column":23},"end":{"line":8,"column":24}},"loc":{"start":{"line":8,"column":43},"end":{"line":24,"column":1}},"line":8},"1":{"name":"(anonymous_1)","decl":{"start":{"line":26,"column":24},"end":{"line":26,"column":25}},"loc":{"start":{"line":26,"column":44},"end":{"line":30,"column":1}},"line":26}},"branchMap":{"0":{"loc":{"start":{"line":10,"column":2},"end":{"line":10,"column":67}},"type":"if","locations":[{"start":{"line":10,"column":2},"end":{"line":10,"column":67}},{"start":{},"end":{}}],"line":10},"1":{"loc":{"start":{"line":13,"column":2},"end":{"line":13,"column":64}},"type":"if","locations":[{"start":{"line":13,"column":2},"end":{"line":13,"column":64}},{"start":{},"end":{}}],"line":13},"2":{"loc":{"start":{"line":28,"column":2},"end":{"line":28,"column":59}},"type":"if","locations":[{"start":{"line":28,"column":2},"end":{"line":28,"column":59}},{"start":{},"end":{}}],"line":28}},"s":{"0":2,"1":2,"2":2,"3":2,"4":2,"5":2,"6":2,"7":0,"8":0,"9":0,"10":0,"11":0,"12":0,"13":0,"14":0,"15":0,"16":0,"17":0,"18":0,"19":2,"20":0,"21":0,"22":0,"23":0,"24":2},"f":{"0":0,"1":0},"b":{"0":[0,0],"1":[0,0],"2":[0,0]},"_coverageSchema":"1a1c01bbd47fc00a2c39e90264f33305004495a9","hash":"fbc05933d3dfd02ffbceec969924ed32b95a7725"}
,"C:\\Users\\user\\Desktop\\CODE WITH MOSH\\Node\\node-app\\vidly\\startup\\config.js": {"path":"C:\\Users\\user\\Desktop\\CODE WITH MOSH\\Node\\node-app\\vidly\\startup\\config.js","statementMap":{"0":{"start":{"line":2,"column":15},"end":{"line":2,"column":32}},"1":{"start":{"line":4,"column":0},"end":{"line":6,"column":2}},"2":{"start":{"line":5,"column":2},"end":{"line":5,"column":74}},"3":{"start":{"line":5,"column":36},"end":{"line":5,"column":74}}},"fnMap":{"0":{"name":"(anonymous_0)","decl":{"start":{"line":4,"column":17},"end":{"line":4,"column":18}},"loc":{"start":{"line":4,"column":29},"end":{"line":6,"column":1}},"line":4}},"branchMap":{"0":{"loc":{"start":{"line":5,"column":2},"end":{"line":5,"column":74}},"type":"if","locations":[{"start":{"line":5,"column":2},"end":{"line":5,"column":74}},{"start":{},"end":{}}],"line":5}},"s":{"0":2,"1":2,"2":2,"3":0},"f":{"0":2},"b":{"0":[0,2]},"_coverageSchema":"1a1c01bbd47fc00a2c39e90264f33305004495a9","hash":"13e27c58538b994ba1fbf33e6bf45b79f94ecb60"}
,"C:\\Users\\user\\Desktop\\CODE WITH MOSH\\Node\\node-app\\vidly\\startup\\db.js": {"path":"C:\\Users\\user\\Desktop\\CODE WITH MOSH\\Node\\node-app\\vidly\\startup\\db.js","statementMap":{"0":{"start":{"line":1,"column":17},"end":{"line":1,"column":36}},"1":{"start":{"line":2,"column":16},"end":{"line":2,"column":34}},"2":{"start":{"line":3,"column":15},"end":{"line":3,"column":32}},"3":{"start":{"line":5,"column":0},"end":{"line":8,"column":2}},"4":{"start":{"line":6,"column":13},"end":{"line":6,"column":29}},"5":{"start":{"line":7,"column":2},"end":{"line":7,"column":73}},"6":{"start":{"line":7,"column":34},"end":{"line":7,"column":71}}},"fnMap":{"0":{"name":"(anonymous_0)","decl":{"start":{"line":5,"column":17},"end":{"line":5,"column":18}},"loc":{"start":{"line":5,"column":29},"end":{"line":8,"column":1}},"line":5},"1":{"name":"(anonymous_1)","decl":{"start":{"line":7,"column":28},"end":{"line":7,"column":29}},"loc":{"start":{"line":7,"column":34},"end":{"line":7,"column":71}},"line":7}},"branchMap":{},"s":{"0":2,"1":2,"2":2,"3":2,"4":2,"5":2,"6":2},"f":{"0":2,"1":2},"b":{},"_coverageSchema":"1a1c01bbd47fc00a2c39e90264f33305004495a9","hash":"0e3dfc862b618c318bb1e54ccf901fd9a56e6d79"}
,"C:\\Users\\user\\Desktop\\CODE WITH MOSH\\Node\\node-app\\vidly\\startup\\logging.js": {"path":"C:\\Users\\user\\Desktop\\CODE WITH MOSH\\Node\\node-app\\vidly\\startup\\logging.js","statementMap":{"0":{"start":{"line":2,"column":16},"end":{"line":2,"column":34}},"1":{"start":{"line":5,"column":0},"end":{"line":26,"column":2}},"2":{"start":{"line":6,"column":2},"end":{"line":9,"column":4}},"3":{"start":{"line":11,"column":2},"end":{"line":14,"column":5}},"4":{"start":{"line":12,"column":4},"end":{"line":12,"column":34}},"5":{"start":{"line":13,"column":4},"end":{"line":13,"column":20}},"6":{"start":{"line":17,"column":2},"end":{"line":17,"column":72}}},"fnMap":{"0":{"name":"(anonymous_0)","decl":{"start":{"line":5,"column":17},"end":{"line":5,"column":18}},"loc":{"start":{"line":5,"column":29},"end":{"line":26,"column":1}},"line":5},"1":{"name":"(anonymous_1)","decl":{"start":{"line":11,"column":35},"end":{"line":11,"column":36}},"loc":{"start":{"line":11,"column":43},"end":{"line":14,"column":3}},"line":11}},"branchMap":{},"s":{"0":2,"1":2,"2":2,"3":2,"4":0,"5":0,"6":2},"f":{"0":2,"1":0},"b":{},"_coverageSchema":"1a1c01bbd47fc00a2c39e90264f33305004495a9","hash":"4e93c834a81e11037a42b243d4e9baa7591cb9df"}
,"C:\\Users\\user\\Desktop\\CODE WITH MOSH\\Node\\node-app\\vidly\\startup\\routes.js": {"path":"C:\\Users\\user\\Desktop\\CODE WITH MOSH\\Node\\node-app\\vidly\\startup\\routes.js","statementMap":{"0":{"start":{"line":1,"column":16},"end":{"line":1,"column":34}},"1":{"start":{"line":2,"column":15},"end":{"line":2,"column":42}},"2":{"start":{"line":3,"column":18},"end":{"line":3,"column":48}},"3":{"start":{"line":4,"column":15},"end":{"line":4,"column":42}},"4":{"start":{"line":5,"column":16},"end":{"line":5,"column":44}},"5":{"start":{"line":6,"column":14},"end":{"line":6,"column":40}},"6":{"start":{"line":7,"column":13},"end":{"line":7,"column":38}},"7":{"start":{"line":8,"column":13},"end":{"line":8,"column":38}},"8":{"start":{"line":9,"column":14},"end":{"line":9,"column":44}},"9":{"start":{"line":11,"column":0},"end":{"line":23,"column":2}},"10":{"start":{"line":12,"column":2},"end":{"line":12,"column":26}},"11":{"start":{"line":13,"column":2},"end":{"line":13,"column":33}},"12":{"start":{"line":14,"column":2},"end":{"line":14,"column":39}},"13":{"start":{"line":15,"column":2},"end":{"line":15,"column":33}},"14":{"start":{"line":16,"column":2},"end":{"line":16,"column":35}},"15":{"start":{"line":17,"column":2},"end":{"line":17,"column":31}},"16":{"start":{"line":18,"column":2},"end":{"line":18,"column":29}},"17":{"start":{"line":19,"column":2},"end":{"line":19,"column":21}},"18":{"start":{"line":22,"column":2},"end":{"line":22,"column":17}}},"fnMap":{"0":{"name":"(anonymous_0)","decl":{"start":{"line":11,"column":17},"end":{"line":11,"column":18}},"loc":{"start":{"line":11,"column":32},"end":{"line":23,"column":1}},"line":11}},"branchMap":{},"s":{"0":2,"1":2,"2":2,"3":2,"4":2,"5":2,"6":2,"7":2,"8":2,"9":2,"10":2,"11":2,"12":2,"13":2,"14":2,"15":2,"16":2,"17":2,"18":2},"f":{"0":2},"b":{},"_coverageSchema":"1a1c01bbd47fc00a2c39e90264f33305004495a9","hash":"be4458607d55fac19bd8fe8129c3d29ba883afb1"}
,"C:\\Users\\user\\Desktop\\CODE WITH MOSH\\Node\\node-app\\vidly\\startup\\validation.js": {"path":"C:\\Users\\user\\Desktop\\CODE WITH MOSH\\Node\\node-app\\vidly\\startup\\validation.js","statementMap":{"0":{"start":{"line":1,"column":12},"end":{"line":1,"column":26}},"1":{"start":{"line":3,"column":0},"end":{"line":5,"column":2}},"2":{"start":{"line":4,"column":2},"end":{"line":4,"column":46}}},"fnMap":{"0":{"name":"(anonymous_0)","decl":{"start":{"line":3,"column":17},"end":{"line":3,"column":18}},"loc":{"start":{"line":3,"column":29},"end":{"line":5,"column":1}},"line":3}},"branchMap":{},"s":{"0":2,"1":2,"2":2},"f":{"0":2},"b":{},"_coverageSchema":"1a1c01bbd47fc00a2c39e90264f33305004495a9","hash":"f3f6724c00fda5c4773f94cc74170f79c9872bd0"}
}
