TN:
SF:app.js
FN:24,(anonymous_0)
FNF:1
FNH:1
FNDA:2,(anonymous_0)
DA:1,3
DA:2,3
DA:3,3
DA:6,3
DA:9,3
DA:12,3
DA:15,3
DA:18,3
DA:21,3
DA:23,3
DA:24,3
DA:25,2
DA:28,3
LF:13
LH:13
BRDA:23,0,0,3
BRDA:23,0,1,3
BRF:2
BRH:2
end_of_record
TN:
SF:middleware\admin.js
FN:1,(anonymous_0)
FNF:1
FNH:0
FNDA:0,(anonymous_0)
DA:1,3
DA:2,0
DA:3,0
LF:3
LH:1
BRDA:2,0,0,0
BRDA:2,0,1,0
BRF:2
BRH:0
end_of_record
TN:
SF:middleware\async.js
FN:1,asyncMiddleware
FN:2,(anonymous_1)
FNF:2
FNH:2
FNDA:3,asyncMiddleware
FNDA:1,(anonymous_1)
DA:1,3
DA:2,3
DA:3,1
DA:4,1
DA:6,0
LF:5
LH:4
BRF:0
BRH:0
end_of_record
TN:
SF:middleware\auth.js
FN:4,(anonymous_0)
FNF:1
FNH:1
FNDA:15,(anonymous_0)
DA:1,4
DA:2,4
DA:4,4
DA:5,15
DA:6,15
DA:8,12
DA:9,12
DA:10,11
DA:11,11
DA:13,1
LF:10
LH:10
BRDA:6,0,0,3
BRDA:6,0,1,12
BRF:2
BRH:2
end_of_record
TN:
SF:middleware\error.js
FN:3,(anonymous_0)
FNF:1
FNH:0
FNDA:0,(anonymous_0)
DA:1,3
DA:3,3
DA:4,0
DA:5,0
LF:4
LH:2
BRF:0
BRH:0
end_of_record
TN:
SF:middleware\validateObjectId.js
FN:3,(anonymous_0)
FNF:1
FNH:1
FNDA:7,(anonymous_0)
DA:1,3
DA:3,3
DA:4,7
DA:5,2
DA:7,5
LF:5
LH:5
BRDA:4,0,0,2
BRDA:4,0,1,5
BRF:2
BRH:2
end_of_record
TN:
SF:models\customers.js
FN:12,validateCustomer
FNF:1
FNH:0
FNDA:0,validateCustomer
DA:1,3
DA:2,3
DA:4,3
DA:10,3
DA:13,0
DA:19,0
DA:22,3
DA:23,3
LF:8
LH:6
BRF:0
BRH:0
end_of_record
TN:
SF:models\genres.js
FN:10,validateGenre
FNF:1
FNH:1
FNDA:8,validateGenre
DA:1,3
DA:2,3
DA:4,3
DA:8,3
DA:11,8
DA:15,8
DA:18,3
DA:19,3
DA:20,3
LF:9
LH:9
BRF:0
BRH:0
end_of_record
TN:
SF:models\movies.js
FN:14,validateMovies
FNF:1
FNH:0
FNDA:0,validateMovies
DA:1,3
DA:2,3
DA:3,3
DA:5,3
DA:12,3
DA:15,0
DA:22,0
DA:25,3
DA:26,3
LF:9
LH:7
BRF:0
BRH:0
end_of_record
TN:
SF:models\rentals.js
FN:25,validateRental
FNF:1
FNH:0
FNDA:0,validateRental
DA:1,3
DA:2,3
DA:4,3
DA:9,3
DA:15,3
DA:23,3
DA:26,0
DA:31,0
DA:34,3
DA:35,3
LF:10
LH:8
BRF:0
BRH:0
end_of_record
TN:
SF:models\users.js
FN:26,(anonymous_0)
FN:35,validateUser
FNF:2
FNH:1
FNDA:18,(anonymous_0)
FNDA:0,validateUser
DA:1,5
DA:2,5
DA:3,5
DA:4,5
DA:6,5
DA:26,5
DA:27,18
DA:33,5
DA:36,0
DA:42,0
DA:45,5
DA:46,5
LF:12
LH:10
BRF:0
BRH:0
end_of_record
TN:
SF:routes\auth.js
FN:9,(anonymous_0)
FN:27,validate
FNF:2
FNH:0
FNDA:0,(anonymous_0)
FNDA:0,validate
DA:1,3
DA:2,3
DA:3,3
DA:4,3
DA:5,3
DA:6,3
DA:7,3
DA:9,3
DA:10,0
DA:11,0
DA:13,0
DA:14,0
DA:16,0
DA:20,0
DA:21,0
DA:23,0
DA:24,0
DA:28,0
DA:33,0
DA:36,3
LF:20
LH:9
BRDA:11,0,0,0
BRDA:11,0,1,0
BRDA:14,1,0,0
BRDA:14,1,1,0
BRDA:20,2,0,0
BRDA:20,2,1,0
BRF:6
BRH:0
end_of_record
TN:
SF:routes\customers.js
FN:8,(anonymous_0)
FN:13,(anonymous_1)
FN:20,(anonymous_2)
FN:32,(anonymous_3)
FN:46,(anonymous_4)
FNF:5
FNH:0
FNDA:0,(anonymous_0)
FNDA:0,(anonymous_1)
FNDA:0,(anonymous_2)
FNDA:0,(anonymous_3)
FNDA:0,(anonymous_4)
DA:1,3
DA:2,3
DA:3,3
DA:6,3
DA:8,3
DA:9,0
DA:10,0
DA:13,3
DA:14,0
DA:16,0
DA:17,0
DA:20,3
DA:21,0
DA:22,0
DA:24,0
DA:29,0
DA:32,3
DA:33,0
DA:34,0
DA:36,0
DA:42,0
DA:43,0
DA:46,3
DA:47,0
DA:48,0
DA:49,0
DA:52,3
LF:27
LH:10
BRDA:16,0,0,0
BRDA:16,0,1,0
BRDA:22,1,0,0
BRDA:22,1,1,0
BRDA:34,2,0,0
BRDA:34,2,1,0
BRDA:42,3,0,0
BRDA:42,3,1,0
BRDA:48,4,0,0
BRDA:48,4,1,0
BRF:10
BRH:0
end_of_record
TN:
SF:routes\genres.js
FN:11,(anonymous_0)
FN:18,(anonymous_1)
FN:25,(anonymous_2)
FN:34,(anonymous_3)
FN:46,(anonymous_4)
FNF:5
FNH:4
FNDA:1,(anonymous_0)
FNDA:1,(anonymous_1)
FNDA:5,(anonymous_2)
FNDA:4,(anonymous_3)
FNDA:0,(anonymous_4)
DA:1,3
DA:2,3
DA:3,3
DA:4,3
DA:5,3
DA:6,3
DA:7,3
DA:9,3
DA:13,1
DA:14,1
DA:18,3
DA:19,1
DA:20,1
DA:22,1
DA:25,3
DA:26,5
DA:27,5
DA:29,3
DA:30,3
DA:34,3
DA:35,4
DA:36,4
DA:38,3
DA:39,3
DA:41,1
DA:42,1
DA:46,3
DA:47,0
DA:48,0
DA:50,0
DA:53,3
LF:31
LH:28
BRDA:20,0,0,0
BRDA:20,0,1,1
BRDA:27,1,0,2
BRDA:27,1,1,3
BRDA:36,2,0,1
BRDA:36,2,1,3
BRDA:39,3,0,2
BRDA:39,3,1,1
BRDA:48,4,0,0
BRDA:48,4,1,0
BRF:10
BRH:7
end_of_record
TN:
SF:routes\home.js
FN:4,(anonymous_0)
FNF:1
FNH:0
FNDA:0,(anonymous_0)
DA:1,3
DA:2,3
DA:4,3
DA:5,0
DA:8,3
LF:5
LH:4
BRF:0
BRH:0
end_of_record
TN:
SF:routes\movies.js
FN:7,(anonymous_0)
FN:12,(anonymous_1)
FN:18,(anonymous_2)
FN:33,(anonymous_3)
FN:48,(anonymous_4)
FNF:5
FNH:0
FNDA:0,(anonymous_0)
FNDA:0,(anonymous_1)
FNDA:0,(anonymous_2)
FNDA:0,(anonymous_3)
FNDA:0,(anonymous_4)
DA:1,3
DA:2,3
DA:3,3
DA:4,3
DA:5,3
DA:7,3
DA:8,0
DA:9,0
DA:12,3
DA:13,0
DA:14,0
DA:15,0
DA:18,3
DA:19,0
DA:20,0
DA:22,0
DA:23,0
DA:25,0
DA:30,0
DA:33,3
DA:34,0
DA:35,0
DA:37,0
DA:38,0
DA:40,0
DA:41,0
DA:42,0
DA:43,0
DA:45,0
DA:48,3
DA:49,0
DA:50,0
DA:52,0
DA:55,3
LF:34
LH:11
BRDA:14,0,0,0
BRDA:14,0,1,0
BRDA:20,1,0,0
BRDA:20,1,1,0
BRDA:23,2,0,0
BRDA:23,2,1,0
BRDA:35,3,0,0
BRDA:35,3,1,0
BRDA:38,4,0,0
BRDA:38,4,1,0
BRDA:50,5,0,0
BRDA:50,5,1,0
BRF:12
BRH:0
end_of_record
TN:
SF:routes\rentals.js
FN:12,(anonymous_0)
FN:17,(anonymous_1)
FN:24,(anonymous_2)
FN:63,(anonymous_3)
FN:82,(anonymous_4)
FNF:5
FNH:0
FNDA:0,(anonymous_0)
FNDA:0,(anonymous_1)
FNDA:0,(anonymous_2)
FNDA:0,(anonymous_3)
FNDA:0,(anonymous_4)
DA:1,3
DA:2,3
DA:3,3
DA:4,3
DA:5,3
DA:6,3
DA:7,3
DA:8,3
DA:10,3
DA:12,3
DA:13,0
DA:14,0
DA:17,3
DA:18,0
DA:19,0
DA:21,0
DA:24,3
DA:25,0
DA:26,0
DA:28,0
DA:29,0
DA:31,0
DA:32,0
DA:34,0
DA:35,0
DA:37,0
DA:51,0
DA:52,0
DA:57,0
DA:59,0
DA:63,3
DA:64,0
DA:65,0
DA:67,0
DA:68,0
DA:70,0
DA:71,0
DA:73,0
DA:74,0
DA:76,0
DA:77,0
DA:79,0
DA:82,3
DA:83,0
DA:84,0
DA:86,0
DA:89,3
LF:47
LH:15
BRDA:19,0,0,0
BRDA:19,0,1,0
BRDA:26,1,0,0
BRDA:26,1,1,0
BRDA:29,2,0,0
BRDA:29,2,1,0
BRDA:31,3,0,0
BRDA:31,3,1,0
BRDA:35,4,0,0
BRDA:35,4,1,0
BRDA:65,5,0,0
BRDA:65,5,1,0
BRDA:68,6,0,0
BRDA:68,6,1,0
BRDA:71,7,0,0
BRDA:71,7,1,0
BRDA:74,8,0,0
BRDA:74,8,1,0
BRDA:84,9,0,0
BRDA:84,9,1,0
BRF:20
BRH:0
end_of_record
TN:
SF:routes\returns.js
FN:4,(anonymous_0)
FNF:1
FNH:0
FNDA:0,(anonymous_0)
DA:1,3
DA:2,3
DA:4,3
DA:5,0
DA:8,3
LF:5
LH:4
BRF:0
BRH:0
end_of_record
TN:
SF:routes\users.js
FN:8,(anonymous_0)
FN:26,(anonymous_1)
FNF:2
FNH:0
FNDA:0,(anonymous_0)
FNDA:0,(anonymous_1)
DA:1,3
DA:2,3
DA:3,3
DA:4,3
DA:5,3
DA:6,3
DA:8,3
DA:9,0
DA:10,0
DA:12,0
DA:13,0
DA:15,0
DA:16,0
DA:17,0
DA:18,0
DA:20,0
DA:21,0
DA:26,3
DA:27,0
DA:28,0
DA:29,0
DA:32,3
LF:22
LH:9
BRDA:10,0,0,0
BRDA:10,0,1,0
BRDA:13,1,0,0
BRDA:13,1,1,0
BRDA:28,2,0,0
BRDA:28,2,1,0
BRF:6
BRH:0
end_of_record
TN:
SF:startup\config.js
FN:4,(anonymous_0)
FNF:1
FNH:1
FNDA:3,(anonymous_0)
DA:2,3
DA:4,3
DA:5,3
LF:3
LH:3
BRDA:5,0,0,0
BRDA:5,0,1,3
BRF:2
BRH:1
end_of_record
TN:
SF:startup\db.js
FN:5,(anonymous_0)
FN:7,(anonymous_1)
FNF:2
FNH:2
FNDA:3,(anonymous_0)
FNDA:3,(anonymous_1)
DA:1,3
DA:2,3
DA:3,3
DA:5,3
DA:6,3
DA:7,3
LF:6
LH:6
BRF:0
BRH:0
end_of_record
TN:
SF:startup\logging.js
FN:5,(anonymous_0)
FN:11,(anonymous_1)
FNF:2
FNH:1
FNDA:3,(anonymous_0)
FNDA:0,(anonymous_1)
DA:2,3
DA:5,3
DA:6,3
DA:11,3
DA:12,0
DA:13,0
DA:17,3
LF:7
LH:5
BRF:0
BRH:0
end_of_record
TN:
SF:startup\routes.js
FN:12,(anonymous_0)
FNF:1
FNH:1
FNDA:3,(anonymous_0)
DA:1,3
DA:2,3
DA:3,3
DA:4,3
DA:5,3
DA:6,3
DA:7,3
DA:8,3
DA:9,3
DA:10,3
DA:12,3
DA:13,3
DA:14,3
DA:15,3
DA:16,3
DA:17,3
DA:18,3
DA:19,3
DA:20,3
DA:21,3
DA:24,3
LF:21
LH:21
BRF:0
BRH:0
end_of_record
TN:
SF:startup\validation.js
FN:3,(anonymous_0)
FNF:1
FNH:1
FNDA:3,(anonymous_0)
DA:1,3
DA:3,3
DA:4,3
LF:3
LH:3
BRF:0
BRH:0
end_of_record
